Wed Sep 3/2025
    op_update_db.sh     use full path for executables dispatcher and op_ctl.sh

Fri Sep 5/2025
    README.md           Download region poly file from Geofabrik

Sat Sep 6/2025
    README.md           More on poly file

Mon Sep 8/2025
    extract2planet.sh  Migrate To Daily Planet Update published

Mon Sep 8/2025
    common_functions.sh     removed duplicate function

Mon Sep 8/2025
    README.md       getdiff directory is under {WORK} directory

Mon Sep 8/2025
    README.md       force preset text

Thu Sep 11/2025
    common_functions.sh        added new functions
    extract2planet.sh          bug fixes
    op_update_db.sh            bug fixed - area update
    cron4op-planet.sh          new script
    mk_regional_osc.sh         new script
    cron4op.sh                updated script
    op_logrotate               updated for new script
    op_initial_db.sh           updated script - get timestamp from header first
